0 info it worked if it ends with ok
1 verbose cli [ '/usr/local/bin/node',
1 verbose cli   '/usr/local/bin/npm',
1 verbose cli   'run',
1 verbose cli   'test-client' ]
2 info using npm@1.4.3
3 info using node@v0.10.26
4 verbose run-script [ 'pretest-client', 'test-client', 'posttest-client' ]
5 info pretest-client ciab-actions@0.1.2
6 info test-client ciab-actions@0.1.2
7 verbose unsafe-perm in lifecycle true
8 info ciab-actions@0.1.2 Failed to exec test-client script
9 error ciab-actions@0.1.2 test-client: `(export NODE_ENV=test; testling)`
9 error Exit status 1
10 error Failed at the ciab-actions@0.1.2 test-client script.
10 error This is most likely a problem with the ciab-actions package,
10 error not with npm itself.
10 error Tell the author that this fails on your system:
10 error     (export NODE_ENV=test; testling)
10 error You can get their info via:
10 error     npm owner ls ciab-actions
10 error There is likely additional logging output above.
11 error System Linux 3.9-1-amd64
12 error command "/usr/local/bin/node" "/usr/local/bin/npm" "run" "test-client"
13 error cwd /home/michael/repos/coopinabox/actions
14 error node -v v0.10.26
15 error npm -v 1.4.3
16 error code ELIFECYCLE
17 verbose exit [ 1, true ]
